Using pre-set license
Built from '2021.2/staging' branch; Version is '2021.2.4f1 (99ba6aa4c552) revision 10074730'; Using compiler version '192829333'; Build Type 'Release'
OS: 'Windows 10 Pro; OS build 19042.1348; Version 2009; 64bit' Language: 'zh' Physical Memory: 12195 MB
BatchMode: 1, IsHumanControllingUs: 0, StartBugReporterOnCrash: 0, Is64bit: 1, IsPro: 0

COMMAND LINE ARGUMENTS:
E:\Unity\Hub\Editor\2021.2.4f1\Editor\Unity.exe
-adb2
-batchMode
-noUpm
-name
AssetImportWorker0
-projectPath
E:/GitHub/nodulus
-logFile
Logs/AssetImportWorker0.log
-srvPort
56200
Successfully changed project path to: E:/GitHub/nodulus
E:/GitHub/nodulus
[UnityMemory] Configuration Parameters - Can be set up in boot.config
    "memorysetup-bucket-allocator-granularity=16"
    "memorysetup-bucket-allocator-bucket-count=8"
    "memorysetup-bucket-allocator-block-size=33554432"
    "memorysetup-bucket-allocator-block-count=8"
    "memorysetup-main-allocator-block-size=16777216"
    "memorysetup-thread-allocator-block-size=16777216"
    "memorysetup-gfx-main-allocator-block-size=16777216"
    "memorysetup-gfx-thread-allocator-block-size=16777216"
    "memorysetup-cache-allocator-block-size=4194304"
    "memorysetup-typetree-allocator-block-size=2097152"
    "memorysetup-profiler-bucket-allocator-granularity=16"
    "memorysetup-profiler-bucket-allocator-bucket-count=8"
    "memorysetup-profiler-bucket-allocator-block-size=33554432"
    "memorysetup-profiler-bucket-allocator-block-count=8"
    "memorysetup-profiler-allocator-block-size=16777216"
    "memorysetup-profiler-editor-allocator-block-size=1048576"
    "memorysetup-temp-allocator-size-main=16777216"
    "memorysetup-job-temp-allocator-block-size=2097152"
    "memorysetup-job-temp-allocator-block-size-background=1048576"
    "memorysetup-job-temp-allocator-reduction-small-platforms=262144"
    "memorysetup-temp-allocator-size-background-worker=32768"
    "memorysetup-temp-allocator-size-job-worker=262144"
    "memorysetup-temp-allocator-size-preload-manager=33554432"
    "memorysetup-temp-allocator-size-nav-mesh-worker=65536"
    "memorysetup-temp-allocator-size-audio-worker=65536"
    "memorysetup-temp-allocator-size-cloud-worker=32768"
    "memorysetup-temp-allocator-size-gi-baking-worker=262144"
    "memorysetup-temp-allocator-size-gfx=262144"
Refreshing native plugins compatible for Editor in 70.00 ms, found 2 plugins.
Preloading 0 native plugins for Editor in 0.00 ms.
Initialize engine version: 2021.2.4f1 (99ba6aa4c552)
[Subsystems] Discovering subsystems at path E:/Unity/Hub/Editor/2021.2.4f1/Editor/Data/Resources/UnitySubsystems
[Subsystems] Discovering subsystems at path E:/GitHub/nodulus/Assets
GfxDevice: creating device client; threaded=0; jobified=0
Direct3D:
    Version:  Direct3D 11.0 [level 11.0]
    Renderer: NVIDIA GeForce 940MX (ID=0x134d)
    Vendor:   NVIDIA
    VRAM:     2010 MB
    Driver:   27.21.14.5749
Initialize mono
Mono path[0] = 'E:/Unity/Hub/Editor/2021.2.4f1/Editor/Data/Managed'
Mono path[1] = 'E:/Unity/Hub/Editor/2021.2.4f1/Editor/Data/MonoBleedingEdge/lib/mono/unityjit-win32'
Mono config path = 'E:/Unity/Hub/Editor/2021.2.4f1/Editor/Data/MonoBleedingEdge/etc'
Using monoOptions --debugger-agent=transport=dt_socket,embedding=1,server=y,suspend=n,address=127.0.0.1:56892
Begin MonoManager ReloadAssembly
Registering precompiled unity dll's ...
Register platform support module: E:/Unity/Hub/Editor/2021.2.4f1/Editor/Data/PlaybackEngines/WebGLSupport/UnityEditor.WebGL.Extensions.dll
Register platform support module: E:/Unity/Hub/Editor/2021.2.4f1/Editor/Data/PlaybackEngines/WindowsStandaloneSupport/UnityEditor.WindowsStandalone.Extensions.dll
Registered in 0.005916 seconds.
Native extension for WindowsStandalone target not found
Native extension for WebGL target not found
Refreshing native plugins compatible for Editor in 59.92 ms, found 2 plugins.
Preloading 0 native plugins for Editor in 0.00 ms.
Mono: successfully reloaded assembly
- Completed reload, in  0.814 seconds
Domain Reload Profiling:
	ReloadAssembly (815ms)
		BeginReloadAssembly (103ms)
			ExecutionOrderSort (0ms)
			DisableScriptedObjects (0ms)
			BackupInstance (0ms)
			ReleaseScriptingObjects (0ms)
			CreateAndSetChildDomain (1ms)
		EndReloadAssembly (589ms)
			LoadAssemblies (98ms)
			RebuildTransferFunctionScriptingTraits (0ms)
			SetupTypeCache (144ms)
			ReleaseScriptCaches (0ms)
			RebuildScriptCaches (41ms)
			SetupLoadedEditorAssemblies (329ms)
				LogAssemblyErrors (0ms)
				InitializePlatformSupportModulesInManaged (22ms)
				SetLoadedEditorAssemblies (0ms)
				RefreshPlugins (60ms)
				BeforeProcessingInitializeOnLoad (1ms)
				ProcessInitializeOnLoadAttributes (179ms)
				ProcessInitializeOnLoadMethodAttributes (66ms)
				AfterProcessingInitializeOnLoad (0ms)
				EditorAssembliesLoaded (0ms)
			ExecutionOrderSort2 (0ms)
			AwakeInstancesAfterBackupRestoration (0ms)
Platform modules already initialized, skipping
Registering precompiled user dll's ...
Registered in 0.012367 seconds.
Begin MonoManager ReloadAssembly
Native extension for WindowsStandalone target not found
Native extension for WebGL target not found
Refreshing native plugins compatible for Editor in 0.73 ms, found 2 plugins.
Preloading 0 native plugins for Editor in 0.00 ms.
Package Manager log level set to [2]
Mono: successfully reloaded assembly
- Completed reload, in  1.511 seconds
Domain Reload Profiling:
	ReloadAssembly (1512ms)
		BeginReloadAssembly (236ms)
			ExecutionOrderSort (0ms)
			DisableScriptedObjects (8ms)
			BackupInstance (0ms)
			ReleaseScriptingObjects (0ms)
			CreateAndSetChildDomain (26ms)
		EndReloadAssembly (1133ms)
			LoadAssemblies (109ms)
			RebuildTransferFunctionScriptingTraits (0ms)
			SetupTypeCache (256ms)
			ReleaseScriptCaches (1ms)
			RebuildScriptCaches (64ms)
			SetupLoadedEditorAssemblies (563ms)
				LogAssemblyErrors (0ms)
				InitializePlatformSupportModulesInManaged (17ms)
				SetLoadedEditorAssemblies (1ms)
				RefreshPlugins (1ms)
				BeforeProcessingInitializeOnLoad (84ms)
				ProcessInitializeOnLoadAttributes (318ms)
				ProcessInitializeOnLoadMethodAttributes (132ms)
				AfterProcessingInitializeOnLoad (10ms)
				EditorAssembliesLoaded (0ms)
			ExecutionOrderSort2 (0ms)
			AwakeInstancesAfterBackupRestoration (8ms)
Platform modules already initialized, skipping
========================================================================
Worker process is ready to serve import requests
Launched and connected shader compiler UnityShaderCompiler.exe after 0.09 seconds
Refreshing native plugins compatible for Editor in 1.13 ms, found 2 plugins.
Preloading 0 native plugins for Editor in 0.00 ms.
Unloading 2532 Unused Serialized files (Serialized files now loaded: 0)
Unloading 63 unused Assets / (0.6 MB). Loaded Objects now: 2963.
Memory consumption went from 104.8 MB to 104.3 MB.
Total: 13.771200 ms (FindLiveObjects: 0.380700 ms CreateObjectMapping: 0.390500 ms MarkObjects: 12.642200 ms  DeleteObjects: 0.356000 ms)

AssetImportParameters requested are different than current active one (requested -> active):
  custom:video-decoder-ogg-theora: a1e56fd34408186e4bbccfd4996cb3dc -> 
  custom:container-muxer-webm: aa71ff27fc2769a1b78a27578f13a17b -> 
  custom:container-demuxer-webm: 4f35f7cbe854078d1ac9338744f61a02 -> 
  custom:video-encoder-webm-vp8: eb34c28f22e8b96e1ab97ce403110664 -> 
  custom:audio-encoder-webm-vorbis: bf7c407c2cedff20999df2af8eb42d56 -> 
  custom:framework-win-MediaFoundation: 216162199b28c13a410421893ffa2e32 -> 
  custom:container-demuxer-ogg: 62fdf1f143b41e24485cea50d1cbac27 -> 
  custom:video-decoder-webm-vp8: 9c59270c3fd7afecdb556c50c9e8de78 -> 
  custom:audio-decoder-ogg-vorbis: bf7c407c2cedff20999df2af8eb42d56 -> 
========================================================================
Received Import Request.
  Time since last request: 22946.797981 seconds.
  path: Assets/Scripts
  artifactKey: Guid(83aead9005a737748aac56b0c1c09e44) Importer(815301076,1909f56bfc062723c751e8b465ee728b)
Start importing Assets/Scripts using Guid(83aead9005a737748aac56b0c1c09e44) Importer(815301076,1909f56bfc062723c751e8b465ee728b)  -> (artifact id: '4048650ec170e0b82fa6eb09ea3c4a6b') in 0.014718 seconds 
========================================================================
Received Import Request.
  Time since last request: 19.619052 seconds.
  path: Assets/Scripts/Core
  artifactKey: Guid(b9cead9e70b7712478d722533e8998ac) Importer(815301076,1909f56bfc062723c751e8b465ee728b)
Start importing Assets/Scripts/Core using Guid(b9cead9e70b7712478d722533e8998ac) Importer(815301076,1909f56bfc062723c751e8b465ee728b)  -> (artifact id: '5b15de4b8be6ec49b98c545e14150e3a') in 0.010669 seconds 
========================================================================
Received Import Request.
  Time since last request: 140.891678 seconds.
  path: Assets/Plugins/YamlDotNet/YamlDotNet.license.txt
  artifactKey: Guid(ae757a5a9013c3543882d26d55092bc9) Importer(815301076,1909f56bfc062723c751e8b465ee728b)
Start importing Assets/Plugins/YamlDotNet/YamlDotNet.license.txt using Guid(ae757a5a9013c3543882d26d55092bc9) Importer(815301076,1909f56bfc062723c751e8b465ee728b)  -> (artifact id: 'f743a9cc2a7154ebe5af1394ad4c57c1') in 0.045139 seconds 
========================================================================
Received Import Request.
  Time since last request: 23.966151 seconds.
  path: Assets/Plugins/YamlDotNet/Serialization
  artifactKey: Guid(921c26b7d8a14f44784b5de7fa74bba0) Importer(815301076,1909f56bfc062723c751e8b465ee728b)
Start importing Assets/Plugins/YamlDotNet/Serialization using Guid(921c26b7d8a14f44784b5de7fa74bba0) Importer(815301076,1909f56bfc062723c751e8b465ee728b)  -> (artifact id: '8369070c056fdcdf8a036efc4abd0dd9') in 0.012656 seconds 
========================================================================
Received Import Request.
  Time since last request: 375.244920 seconds.
  path: Assets/Plugins/YamlDotNet/Serialization/Converters
  artifactKey: Guid(272f43609d820fd4aa820cc0636fe694) Importer(815301076,1909f56bfc062723c751e8b465ee728b)
Start importing Assets/Plugins/YamlDotNet/Serialization/Converters using Guid(272f43609d820fd4aa820cc0636fe694) Importer(815301076,1909f56bfc062723c751e8b465ee728b)  -> (artifact id: '9d52b8a7db165ca94d8bfc08ea459cdc') in 0.015739 seconds 
========================================================================
Received Import Request.
  Time since last request: 4.482190 seconds.
  path: Assets/Plugins/YamlDotNet/Serialization/Converters/DateTimeConverter.cs
  artifactKey: Guid(605a13412ac29ee4498bff2668e80505) Importer(815301076,1909f56bfc062723c751e8b465ee728b)
Start importing Assets/Plugins/YamlDotNet/Serialization/Converters/DateTimeConverter.cs using Guid(605a13412ac29ee4498bff2668e80505) Importer(815301076,1909f56bfc062723c751e8b465ee728b)  -> (artifact id: 'efe19ba3fde9a8cc52d732980c0b2a61') in 0.114543 seconds 
========================================================================
Received Import Request.
  Time since last request: 10.787669 seconds.
  path: Assets/Plugins/Android/mainTemplate.gradle.DISABLED
  artifactKey: Guid(a11b17f54d6731d4da4e34591960c444) Importer(815301076,1909f56bfc062723c751e8b465ee728b)
Start importing Assets/Plugins/Android/mainTemplate.gradle.DISABLED using Guid(a11b17f54d6731d4da4e34591960c444) Importer(815301076,1909f56bfc062723c751e8b465ee728b)  -> (artifact id: '328435077a07c7aa3c80cf48a5e18a5b') in 0.015174 seconds 
========================================================================
Received Import Request.
  Time since last request: 4.948585 seconds.
  path: Assets/Plugins/LeanTween/LeanAudio.cs
  artifactKey: Guid(52e41e970d9353942b27458440bec9eb) Importer(815301076,1909f56bfc062723c751e8b465ee728b)
Start importing Assets/Plugins/LeanTween/LeanAudio.cs using Guid(52e41e970d9353942b27458440bec9eb) Importer(815301076,1909f56bfc062723c751e8b465ee728b)  -> (artifact id: '47989d1f777bfc6c3a82ac4ea67fabd0') in 0.010318 seconds 
========================================================================
Received Import Request.
  Time since last request: 3.182521 seconds.
  path: Assets/Plugins/LeanTween/LTDescr.cs
  artifactKey: Guid(381c8d6fb1acdc348870a7147bc98723) Importer(815301076,1909f56bfc062723c751e8b465ee728b)
Start importing Assets/Plugins/LeanTween/LTDescr.cs using Guid(381c8d6fb1acdc348870a7147bc98723) Importer(815301076,1909f56bfc062723c751e8b465ee728b)  -> (artifact id: '23ddb47f4377680360240cc0d097c369') in 0.010479 seconds 
